JvmtiExport can_access_local_variables 0
JvmtiExport can_hotswap_or_post_breakpoint 0
JvmtiExport can_post_on_exceptions 0
# 236 ciObject found
ciMethod java/lang/Object <init> ()V 4097 1 439675 0 0
ciMethod java/lang/Object hashCode ()I 2049 1 256 0 -1
ciMethod java/lang/Object clone ()Ljava/lang/Object; 3073 1 384 0 -1
ciMethod java/lang/CharSequence length ()I 0 0 1 0 -1
ciMethod java/lang/CharSequence charAt (I)C 0 0 1 0 -1
ciMethod java/lang/String length ()I 4097 1 61878 0 0
ciMethod java/lang/String charAt (I)C 4097 1 165159 0 128
ciMethod java/lang/String hashCode ()I 2897 32769 1410 0 320
ciMethod java/lang/System arraycopy (Ljava/lang/Object;ILjava/lang/Object;II)V 5121 1 640 0 -1
ciMethod sun/misc/Unsafe compareAndSwapObject (Ljava/lang/Object;JLjava/lang/Object;Ljava/lang/Object;)Z 3073 1 384 0 -1
ciMethod java/lang/Integer bitCount (I)I 3209 1 1437 0 -1
ciMethod java/lang/Integer rotateLeft (II)I 4097 1 33436 0 0
ciMethodData java/lang/Object <init> ()V 2 439675 orig 264 184 158 246 82 0 0 0 0 112 4 83 8 0 0 0 0 32 1 0 0 0 0 0 0 0 0 0 0 0 0 0 0 0 0 0 0 0 0 0 0 0 0 0 0 0 0 0 0 0 0 0 0 0 0 0 0 0 0 0 0 0 0 0 0 0 0 0 0 0 0 0 0 0 0 0 0 0 0 0 0 77 68 79 32 101 120 116 114 97 32 100 97 116 97 32 108 111 99 107 0 0 0 0 0 0 0 0 0 0 0 0 0 0 0 0 0 0 0 0 0 0 0 0 0 0 0 0 0 0 0 0 0 0 0 0 0 0 0 0 0 0 0 0 0 0 0 0 0 0 0 0 0 0 0 0 0 0 0 0 0 0 0 0 0 0 0 0 0 0 0 0 0 0 0 0 0 0 0 0 0 0 0 0 0 1 0 0 0 0 0 0 0 1 0 0 0 0 0 0 0 1 0 0 0 0 0 0 0 0 0 0 0 0 0 0 0 0 2 0 0 217 155 53 0 1 0 0 0 0 0 0 0 0 0 0 0 2 0 0 0 0 0 3 0 3 0 0 0 0 0 0 0 255 255 255 255 0 0 0 0 0 0 0 0 data 0 oops 0
ciMethodData java/lang/String charAt (I)C 2 165159 orig 264 184 158 246 82 0 0 0 0 200 59 83 8 0 0 0 0 120 1 0 0 32 0 0 0 0 0 0 0 0 0 0 0 0 0 0 0 0 0 0 0 0 0 0 0 0 0 0 0 0 0 0 0 0 0 0 0 0 0 0 0 0 0 0 0 0 0 0 0 0 0 0 0 0 0 0 0 0 0 0 0 77 68 79 32 101 120 116 114 97 32 100 97 116 97 32 108 111 99 107 0 0 0 0 0 0 0 0 0 0 0 0 0 0 0 0 0 0 0 0 0 0 0 0 0 0 0 0 0 0 0 0 0 0 0 0 0 0 0 0 0 0 0 0 0 0 0 0 0 0 0 0 0 0 0 0 0 0 0 0 0 0 0 0 0 0 0 0 0 0 0 0 0 0 0 0 0 0 0 0 0 0 0 0 0 25 0 0 0 0 0 0 0 0 0 0 0 0 0 0 0 1 0 0 0 0 0 0 0 0 0 0 0 0 0 0 0 0 2 0 0 57 25 20 0 1 0 0 0 0 0 0 0 0 0 0 0 2 0 0 0 0 0 8 0 4 0 1 0 80 0 0 0 255 255 255 255 7 0 1 0 0 0 0 0 data 10 0x10007 0x0 0x40 0x28327 0xa0007 0x28327 0x30 0x0 0x120002 0x0 oops 0
ciMethodData java/lang/String hashCode ()I 2 18640 orig 264 184 158 246 82 0 0 0 0 0 77 83 8 0 0 0 0 152 1 0 0 32 0 0 0 0 0 0 0 0 0 0 0 0 0 0 0 0 0 0 0 0 0 0 0 0 0 0 0 0 0 0 0 0 0 0 0 0 0 0 0 0 0 0 0 0 0 0 0 0 0 0 0 0 0 0 0 0 0 0 0 77 68 79 32 101 120 116 114 97 32 100 97 116 97 32 108 111 99 107 0 0 0 0 0 0 0 0 0 0 0 0 0 0 0 0 0 0 0 0 0 0 0 0 0 0 0 0 0 0 0 0 0 0 0 0 0 0 0 0 0 0 0 0 0 0 0 0 0 0 0 0 0 0 0 0 0 0 0 0 0 0 0 0 0 0 0 0 0 0 0 0 0 0 0 0 0 0 0 0 0 0 0 0 0 1 0 0 0 0 0 0 0 0 0 0 0 0 0 0 0 1 0 0 0 0 0 0 0 0 0 0 0 0 0 0 0 0 16 0 0 193 32 0 0 129 198 1 0 0 0 0 0 0 0 0 0 2 0 0 0 1 0 11 0 4 0 1 0 120 0 0 0 255 255 255 255 7 0 6 0 0 0 0 0 data 15 0x60007 0x137 0x78 0x2e1 0xe0007 0x1 0x58 0x2e0 0x1e0007 0x2e0 0x38 0x3898 0x2d0003 0x3898 0xffffffffffffffe0 oops 0
ciMethodData java/lang/String length ()I 2 61878 orig 264 184 158 246 82 0 0 0 0 136 58 83 8 0 0 0 0 32 1 0 0 0 0 0 0 0 0 0 0 0 0 0 0 0 0 0 0 0 0 0 0 0 0 0 0 0 0 0 0 0 0 0 0 0 0 0 0 0 0 0 0 0 0 0 0 0 0 0 0 0 0 0 0 0 0 0 0 0 0 0 0 77 68 79 32 101 120 116 114 97 32 100 97 116 97 32 108 111 99 107 0 0 0 0 0 0 0 0 0 0 0 0 0 0 0 0 0 0 0 0 0 0 0 0 0 0 0 0 0 0 0 0 0 0 0 0 0 0 0 0 0 0 0 0 0 0 0 0 0 0 0 0 0 0 0 0 0 0 0 0 0 0 0 0 0 0 0 0 0 0 0 0 0 0 0 0 0 0 0 0 0 0 0 0 0 1 0 0 0 0 0 0 0 0 0 0 0 0 0 0 0 1 0 0 0 0 0 0 0 0 0 0 0 0 0 0 0 0 2 0 0 177 125 7 0 1 0 0 0 0 0 0 0 0 0 0 0 2 0 0 0 0 0 3 0 3 0 0 0 0 0 0 0 255 255 255 255 0 0 0 0 0 0 0 0 data 0 oops 0
ciMethod java/util/concurrent/atomic/AtomicReference get ()Ljava/lang/Object; 1545 1 193 0 0
ciMethod java/util/concurrent/atomic/AtomicReference compareAndSet (Ljava/lang/Object;Ljava/lang/Object;)Z 2025 1 8795 0 0
ciMethodData java/lang/Integer rotateLeft (II)I 2 33436 orig 264 184 158 246 82 0 0 0 0 64 175 91 8 0 0 0 0 40 1 0 0 0 0 0 0 0 0 0 0 0 0 0 0 0 0 0 0 0 0 0 0 0 0 0 0 0 0 0 0 0 0 0 0 0 0 0 0 0 0 0 0 0 0 0 0 0 0 0 0 0 0 0 0 0 0 0 0 0 0 0 0 77 68 79 32 101 120 116 114 97 32 100 97 116 97 32 108 111 99 107 0 0 0 0 0 0 0 0 0 0 0 0 0 0 0 0 0 0 0 0 0 0 0 0 0 0 0 0 0 0 0 0 0 0 0 0 0 0 0 0 0 0 0 0 0 0 0 0 0 0 0 0 0 0 0 0 0 0 0 0 0 0 0 0 0 0 0 0 0 0 0 0 0 0 0 0 0 0 0 0 0 0 0 0 0 0 0 0 0 0 0 0 0 0 0 0 0 0 0 0 0 0 0 0 0 0 0 0 0 0 0 0 0 0 0 0 0 0 2 0 0 225 4 4 0 1 0 0 0 0 0 0 0 0 0 0 0 2 0 0 0 0 0 3 0 3 0 0 0 0 0 0 0 255 255 255 255 0 0 0 0 0 0 0 0 data 0 oops 0
ciMethod java/util/concurrent/atomic/AtomicBoolean <init> (Z)V 2057 1 1001 0 0
ciMethodData java/util/concurrent/atomic/AtomicBoolean <init> (Z)V 1 1001 orig 264 184 158 246 82 0 0 0 0 192 195 124 8 0 0 0 0 112 1 0 0 0 0 0 0 0 0 0 0 0 0 0 0 0 0 0 0 0 0 0 0 0 0 0 0 0 0 0 0 0 0 0 0 0 0 0 0 0 0 0 0 0 0 0 0 0 0 0 0 0 0 0 0 0 0 0 0 0 0 0 0 77 68 79 32 101 120 116 114 97 32 100 97 116 97 32 108 111 99 107 0 0 0 0 0 0 0 0 0 0 0 0 0 0 0 0 0 0 0 0 0 0 0 0 0 0 0 0 0 0 0 0 0 0 0 0 0 0 0 0 0 0 0 0 0 0 0 0 0 0 0 0 0 0 0 0 0 0 0 0 0 0 0 0 0 0 0 0 0 0 0 0 0 0 0 0 0 0 0 0 0 0 0 0 0 0 0 0 0 0 0 0 0 0 0 0 0 0 0 0 0 0 0 0 0 0 0 0 0 0 0 0 0 0 0 0 0 1 1 0 0 65 23 0 0 1 0 0 0 0 0 0 0 0 0 0 0 2 0 0 0 0 0 0 0 0 0 1 0 72 0 0 0 255 255 255 255 2 0 1 0 0 0 0 0 data 9 0x10002 0x2e8 0x60007 0x2e8 0x38 0x0 0xa0003 0x0 0x18 oops 0
ciMethodData java/util/concurrent/atomic/AtomicReference compareAndSet (Ljava/lang/Object;Ljava/lang/Object;)Z 2 8796 orig 264 184 158 246 82 0 0 0 0 248 128 124 8 0 0 0 0 136 1 0 0 0 0 0 0 0 0 0 0 0 0 0 0 0 0 0 0 0 0 0 0 0 0 0 0 0 0 0 0 0 0 0 0 0 0 0 0 0 0 0 0 0 0 0 0 0 0 0 0 0 0 0 0 0 0 0 0 0 0 0 0 77 68 79 32 101 120 116 114 97 32 100 97 116 97 32 108 111 99 107 0 0 0 0 0 0 0 0 0 0 0 0 0 0 0 0 0 0 0 0 0 0 0 0 0 0 0 0 0 0 0 0 0 0 0 0 0 0 0 0 0 0 0 0 0 0 0 0 0 0 0 0 0 0 0 0 0 0 0 0 0 0 0 0 0 0 0 0 0 0 0 0 0 0 0 0 0 0 0 0 0 0 0 0 0 0 0 0 0 0 0 0 0 0 0 0 0 0 0 0 0 0 0 0 0 0 0 0 0 0 0 0 0 0 0 0 0 253 0 0 0 249 10 1 0 1 0 0 0 0 0 0 0 0 0 0 0 2 0 0 0 0 0 3 0 3 0 0 0 48 0 0 0 255 255 255 255 5 0 9 0 0 0 0 0 data 6 0x90005 0x11 0x0 0x0 0x0 0x0 oops 0
ciMethod clojure/lang/IHashEq hasheq ()I 0 0 1 0 -1
ciMethod clojure/lang/Symbol hasheq ()I 2081 1 14296 0 1024
ciMethod clojure/lang/AFn <init> ()V 2105 1 97315 0 32
ciMethod clojure/lang/IPersistentMap assoc (Ljava/lang/Object;Ljava/lang/Object;)Lclojure/lang/IPersistentMap; 0 0 1 0 -1
ciMethod clojure/lang/IPersistentMap valAt (Ljava/lang/Object;)Ljava/lang/Object; 0 0 1 0 -1
ciMethod clojure/lang/PersistentHashMap create (Lclojure/lang/IPersistentMap;[Ljava/lang/Object;)Lclojure/lang/PersistentHashMap; 249 1 133 0 -1
ciMethod clojure/lang/PersistentHashMap <init> (Lclojure/lang/IPersistentMap;ILclojure/lang/PersistentHashMap$INode;ZLjava/lang/Object;)V 3217 1 13847 0 96
ciMethod clojure/lang/PersistentHashMap hash (Ljava/lang/Object;)I 2145 1 40279 0 352
ciMethod clojure/lang/PersistentHashMap assoc (Ljava/lang/Object;Ljava/lang/Object;)Lclojure/lang/IPersistentMap; 4097 1 14345 0 0
ciMethod clojure/lang/PersistentHashMap valAt (Ljava/lang/Object;Ljava/lang/Object;)Ljava/lang/Object; 2121 1 7628 0 2016
ciMethod clojure/lang/PersistentHashMap valAt (Ljava/lang/Object;)Ljava/lang/Object; 2113 1 20744 0 64
ciMethod clojure/lang/PersistentHashMap mask (II)I 2185 1 65807 0 -1
ciMethod clojure/lang/PersistentHashMap meta ()Lclojure/lang/IPersistentMap; 1257 1 157 0 0
ciMethod clojure/lang/PersistentHashMap access$000 ([Lclojure/lang/PersistentHashMap$INode;ILclojure/lang/PersistentHashMap$INode;)[Lclojure/lang/PersistentHashMap$INode; 2209 1 5747 0 -1
ciMethod clojure/lang/PersistentHashMap access$100 (II)I 2161 1 51319 0 -1
ciMethod clojure/lang/PersistentHashMap access$200 ([Ljava/lang/Object;ILjava/lang/Object;)[Ljava/lang/Object; 25 1 7507 0 -1
ciMethod clojure/lang/PersistentHashMap access$300 (ILjava/lang/Object;Ljava/lang/Object;ILjava/lang/Object;Ljava/lang/Object;)Lclojure/lang/PersistentHashMap$INode; 177 1 3452 0 -1
ciMethod clojure/lang/PersistentHashMap access$400 ([Ljava/lang/Object;ILjava/lang/Object;ILjava/lang/Object;)[Ljava/lang/Object; 177 1 3452 0 -1
ciMethod clojure/lang/APersistentMap <init> ()V 2105 1 21951 0 0
ciMethod clojure/lang/PersistentHashMap$INode assoc (IILjava/lang/Object;Ljava/lang/Object;Lclojure/lang/Box;)Lclojure/lang/PersistentHashMap$INode; 0 0 1 0 -1
ciMethod clojure/lang/PersistentHashMap$INode find (IILjava/lang/Object;Ljava/lang/Object;)Ljava/lang/Object; 0 0 1 0 -1
ciMethod clojure/lang/Box <init> (Ljava/lang/Object;)V 3265 1 19434 0 64
ciMethod clojure/lang/PersistentHashMap$BitmapIndexedNode index (I)I 2361 1 50392 0 -1
ciMethod clojure/lang/PersistentHashMap$BitmapIndexedNode <init> (Ljava/util/concurrent/atomic/AtomicReference;I[Ljava/lang/Object;)V 2049 1 33026 0 -1
ciMethod clojure/lang/PersistentHashMap$BitmapIndexedNode assoc (IILjava/lang/Object;Ljava/lang/Object;Lclojure/lang/Box;)Lclojure/lang/PersistentHashMap$INode; 3233 1 31058 0 -1
ciMethod clojure/lang/Util equiv (Ljava/lang/Object;Ljava/lang/Object;)Z 777 1 13427 0 -1
ciMethod clojure/lang/Util equivPred (Ljava/lang/Object;)Lclojure/lang/Util$EquivPred; 2313 1 6610 0 224
ciMethod clojure/lang/Util hash (Ljava/lang/Object;)I 1625 1 15853 0 0
ciMethod clojure/lang/Util hasheq (Ljava/lang/Object;)I 2145 1 13581 0 1056
ciMethod clojure/lang/Util dohasheq (Lclojure/lang/IHashEq;)I 3209 1 10601 0 64
ciMethod clojure/lang/Util hashCombine (II)I 1641 1 15592 0 64
ciMethod clojure/lang/Util$EquivPred equiv (Ljava/lang/Object;Ljava/lang/Object;)Z 0 0 1 0 -1
ciMethod clojure/lang/Murmur3 hashInt (I)I 1 1 321 0 -1
ciMethod clojure/lang/Murmur3 hashUnencodedChars (Ljava/lang/CharSequence;)I 1385 7833 5059 0 0
ciMethod clojure/lang/Murmur3 mixK1 (I)I 4097 1 17477 0 64
ciMethod clojure/lang/Murmur3 mixH1 (II)I 4097 1 15959 0 0
ciMethod clojure/lang/Murmur3 fmix (II)I 1441 1 1237 0 96
ciMethod clojure/lang/PersistentHashMap$ArrayNode <init> (Ljava/util/concurrent/atomic/AtomicReference;I[Lclojure/lang/PersistentHashMap$INode;)V 449 1 6065 0 -1
ciMethod clojure/lang/PersistentHashMap$ArrayNode assoc (IILjava/lang/Object;Ljava/lang/Object;Lclojure/lang/Box;)Lclojure/lang/PersistentHashMap$INode; 2209 1 5747 0 3488
ciMethodData clojure/lang/Murmur3 mixK1 (I)I 2 17477 orig 264 184 158 246 82 0 0 0 0 184 75 151 8 0 0 0 0 88 1 0 0 0 0 0 0 0 0 0 0 0 0 0 0 0 0 0 0 0 0 0 0 0 0 0 0 0 0 0 0 0 0 0 0 0 0 0 0 0 0 0 0 0 0 0 0 0 0 0 0 0 0 0 0 0 0 0 0 0 0 0 0 77 68 79 32 101 120 116 114 97 32 100 97 116 97 32 108 111 99 107 0 0 0 0 0 0 0 0 0 0 0 0 0 0 0 0 0 0 0 0 0 0 0 0 0 0 0 0 0 0 0 0 0 0 0 0 0 0 0 0 0 0 0 0 0 0 0 0 0 0 0 0 0 0 0 0 0 0 0 0 0 0 0 0 0 0 0 0 0 0 0 0 0 0 0 0 0 0 0 0 0 0 0 0 0 0 0 0 0 0 0 0 0 0 0 0 0 0 0 0 0 0 0 0 0 0 0 0 0 0 0 0 0 0 0 0 0 0 2 0 0 41 18 2 0 1 0 0 0 0 0 0 0 0 0 0 0 2 0 0 0 0 0 3 0 4 0 1 0 16 0 0 0 255 255 255 255 2 0 8 0 0 0 0 0 data 2 0x80002 0x4245 oops 0
ciMethodData clojure/lang/Murmur3 mixH1 (II)I 2 15959 orig 264 184 158 246 82 0 0 0 0 120 76 151 8 0 0 0 0 96 1 0 0 0 0 0 0 0 0 0 0 0 0 0 0 0 0 0 0 0 0 0 0 0 0 0 0 0 0 0 0 0 0 0 0 0 0 0 0 0 0 0 0 0 0 0 0 0 0 0 0 0 0 0 0 0 0 0 0 0 0 0 0 77 68 79 32 101 120 116 114 97 32 100 97 116 97 32 108 111 99 107 0 0 0 0 0 0 0 0 0 0 0 0 0 0 0 0 0 0 0 0 0 0 0 0 0 0 0 0 0 0 0 0 0 0 0 0 0 0 0 0 0 0 0 0 0 0 0 0 0 0 0 0 0 0 0 0 0 0 0 0 0 0 0 0 0 0 0 0 0 0 0 0 0 0 0 0 0 0 0 0 0 0 0 0 0 0 0 0 0 0 0 0 0 0 0 0 0 0 0 0 0 0 0 0 0 0 0 0 0 0 0 0 0 0 0 0 0 0 2 0 0 185 226 1 0 1 0 0 0 0 0 0 0 0 0 0 0 2 0 0 0 0 0 3 0 3 0 1 0 16 0 0 0 255 255 255 255 2 0 7 0 0 0 0 0 data 2 0x70002 0x3c57 oops 0
ciMethod clojure/lang/Namespace getMappings ()Lclojure/lang/IPersistentMap; 2065 1 22556 0 0
ciMethod clojure/lang/Namespace intern (Lclojure/lang/Symbol;)Lclojure/lang/Var; 2049 2017 5710 0 -1
ciMethod clojure/lang/Namespace warnOrFailOnReplace (Lclojure/lang/Symbol;Ljava/lang/Object;Ljava/lang/Object;)V 0 0 1 0 -1
ciMethod clojure/lang/AReference <init> ()V 2057 1 1003 0 0
ciMethod clojure/lang/AReference <init> (Lclojure/lang/IPersistentMap;)V 2049 1 1027 0 0
ciMethod clojure/lang/AReference resetMeta (Lclojure/lang/IPersistentMap;)Lclojure/lang/IPersistentMap; 2049 1 2064 0 0
ciMethod clojure/lang/PersistentArrayMap create ([Ljava/lang/Object;)Lclojure/lang/PersistentArrayMap; 1825 1 4193 0 0
ciMethod clojure/lang/PersistentArrayMap createHT ([Ljava/lang/Object;)Lclojure/lang/IPersistentMap; 249 1 133 0 0
ciMethod clojure/lang/PersistentArrayMap <init> (Lclojure/lang/IPersistentMap;[Ljava/lang/Object;)V 1825 1 4304 0 0
ciMethod clojure/lang/PersistentArrayMap assoc (Ljava/lang/Object;Ljava/lang/Object;)Lclojure/lang/IPersistentMap; 2049 1 4281 0 0
ciMethod clojure/lang/PersistentArrayMap indexOfObject (Ljava/lang/Object;)I 73 361 787 0 0
ciMethod clojure/lang/PersistentArrayMap indexOf (Ljava/lang/Object;)I 2057 14657 3213 0 608
ciMethod clojure/lang/PersistentArrayMap meta ()Lclojure/lang/IPersistentMap; 1033 1 129 0 0
ciMethod clojure/lang/Var <init> (Lclojure/lang/Namespace;Lclojure/lang/Symbol;)V 2049 1 1001 0 0
ciMethod clojure/lang/Var setMeta (Lclojure/lang/IPersistentMap;)V 2049 1 2064 0 0
ciMethod clojure/lang/ARef <init> ()V 2057 1 1003 0 0
ciMethod clojure/lang/Keyword hasheq ()I 1241 1 155 0 0
ciMethod clojure/lang/Var$Unbound <init> (Lclojure/lang/Var;)V 2065 1 1001 0 0
ciMethodData clojure/lang/PersistentHashMap hash (Ljava/lang/Object;)I 2 40280 orig 264 184 158 246 82 0 0 0 0 80 63 150 8 0 0 0 0 88 1 0 0 0 0 0 0 0 0 0 0 0 0 0 0 0 0 0 0 0 0 0 0 0 0 0 0 0 0 0 0 0 0 0 0 0 0 0 0 0 0 0 0 0 0 0 0 0 0 0 0 0 0 0 0 0 0 0 0 0 0 0 0 77 68 79 32 101 120 116 114 97 32 100 97 116 97 32 108 111 99 107 0 0 0 0 0 0 0 0 0 0 0 0 0 0 0 0 0 0 0 0 0 0 0 0 0 0 0 0 0 0 0 0 0 0 0 0 0 0 0 0 0 0 0 0 0 2 0 0 0 0 0 0 0 0 0 0 0 0 0 0 0 0 0 0 0 0 0 0 0 0 0 0 0 0 0 0 0 0 0 0 0 0 0 0 0 17 0 0 0 0 0 0 0 0 0 0 0 0 0 0 0 0 0 0 0 0 0 0 0 0 0 0 0 0 0 0 0 12 1 0 0 97 226 4 0 1 0 0 0 0 0 0 0 0 0 0 0 2 0 0 0 0 0 3 0 4 0 1 0 16 0 0 0 255 255 255 255 2 0 1 0 0 0 0 0 data 2 0x10002 0x9c4c oops 0
ciMethodData clojure/lang/Util hasheq (Ljava/lang/Object;)I 2 13581 orig 264 184 158 246 82 0 0 0 0 160 28 151 8 0 0 0 0 72 3 0 0 160 0 0 0 0 0 0 0 0 0 0 0 0 0 0 0 0 0 0 0 0 0 0 0 0 0 0 0 0 0 0 0 0 0 0 0 0 0 0 0 0 0 0 0 0 0 0 0 0 0 0 0 0 0 0 0 0 0 0 0 77 68 79 32 101 120 116 114 97 32 100 97 116 97 32 108 111 99 107 0 0 0 0 0 0 0 0 0 0 0 0 0 0 0 0 0 0 0 0 0 0 0 0 0 0 0 0 0 0 0 0 0 0 0 0 0 0 0 0 0 0 0 0 0 3 0 0 0 1 0 0 0 0 0 0 0 0 0 0 0 0 0 0 0 5 0 0 4 0 0 0 0 0 0 0 0 0 0 0 0 0 0 0 0 17 0 0 0 0 0 0 0 0 0 0 0 0 0 0 0 0 0 0 0 0 0 0 0 0 0 0 0 0 0 0 0 12 1 0 0 9 160 1 0 1 0 0 0 192 24 0 0 0 0 0 0 2 0 0 0 0 0 14 0 4 0 1 0 0 2 0 0 255 255 255 255 7 0 1 0 0 0 0 0 data 64 0x10007 0x33ff 0x20 0x2 0x70004 0xfffffffffffff64a 0xc7bd320 0x9ef 0xdf50270 0x1fd3 0xa0007 0x9b6 0x60 0x2a49 0xe0004 0x0 0xc7bd320 0x9ef 0xdf50270 0x1fd3 0x110002 0x2a49 0x160004 0xfffffffffffff73d 0x291a4f0 0x1 0x291a900 0xe5 0x190007 0x8c3 0x60 0xf3 0x1dc004 0x0 0x291a900 0xe5 0x291a870 0x13 0x200002 0xf8 0x250004 0xfffffffffffff7c7 0x291a4f0 0x1 0x2995c10 0x8a 0x280007 0x839 0x60 0x8a 0x2c0005 0x0 0x2995c10 0x8a 0x0 0x0 0x2f0002 0x8a 0x34f005 0x130 0x291a4f0 0x28 0xdf50340 0x6e5 oops 13 6 clojure/lang/Keyword